BroadCastReceiveDemo/build/intermediates/manifest_merge_blame_file/debug/manifest-merger-blame-debug-report.txt
1<?xml version="1.0" encoding="utf-8"?>
2<manifest xmlns:android="http://schemas.android.com/apk/res/android"
3    package="com.example.broadcastdemo"
4    android:versionCode="1"
5    android:versionName="1.0" >
6
7    <uses-sdk
8        android:minSdkVersion="15"
8-->src\main\AndroidManifest.xml
9        android:targetSdkVersion="29" />
9-->src\main\AndroidManifest.xml
10
11    <application
11-->src\main\AndroidManifest.xml:5:2-32:16
12        android:allowBackup="true"
12-->src\main\AndroidManifest.xml:6:3-29
13        android:appComponentFactory="androidx.core.app.CoreComponentFactory"
13-->[androidx.core:core:1.1.0] AndroidManifest.xml:24:18-86
14        android:debuggable="true"
15        android:icon="@mipmap/ic_launcher"
15-->src\main\AndroidManifest.xml:7:3-37
16        android:label="@string/app_name"
16-->src\main\AndroidManifest.xml:8:3-35
17        android:roundIcon="@mipmap/ic_launcher_round"
17-->src\main\AndroidManifest.xml:9:3-48
18        android:supportsRtl="true"
18-->src\main\AndroidManifest.xml:10:3-29
19        android:testOnly="true"
20        android:theme="@style/AppTheme" >
20-->src\main\AndroidManifest.xml:11:3-34
21        <receiver
21-->src\main\AndroidManifest.xml:12:3-15:39
22            android:name="com.example.broadcastdemo.MyReceiver3"
22-->src\main\AndroidManifest.xml:13:4-31
23            android:enabled="true"
23-->src\main\AndroidManifest.xml:14:4-26
24            android:exported="true" />
24-->src\main\AndroidManifest.xml:15:4-27
25        <receiver
25-->src\main\AndroidManifest.xml:16:3-19:30
26            android:name="com.example.broadcastdemo.MyReceiver2"
26-->src\main\AndroidManifest.xml:17:4-31
27            android:enabled="true"
27-->src\main\AndroidManifest.xml:18:4-26
28            android:exported="true" />
28-->src\main\AndroidManifest.xml:19:4-27
29        <receiver
29-->src\main\AndroidManifest.xml:20:3-23:30
30            android:name="com.example.broadcastdemo.MyReceiver"
30-->src\main\AndroidManifest.xml:21:4-30
31            android:enabled="true"
31-->src\main\AndroidManifest.xml:22:4-26
32            android:exported="true" />
32-->src\main\AndroidManifest.xml:23:4-27
33
34        <activity android:name="com.example.broadcastdemo.MainActivity" >
34-->src\main\AndroidManifest.xml:25:3-31:14
34-->src\main\AndroidManifest.xml:25:13-41
35            <intent-filter>
35-->src\main\AndroidManifest.xml:26:4-30:20
36                <action android:name="android.intent.action.MAIN" />
36-->src\main\AndroidManifest.xml:27:5-57
36-->src\main\AndroidManifest.xml:27:13-54
37
38                <category android:name="android.intent.category.LAUNCHER" />
38-->src\main\AndroidManifest.xml:29:5-65
38-->src\main\AndroidManifest.xml:29:15-62
39            </intent-filter>
40        </activity>
41    </application>
42
43</manifest>